# JRE version: OpenJDK Runtime Environment (21.0.3) (build 21.0.3+-12282718-b509.11)
# Java VM: OpenJDK 64-Bit Server VM (21.0.3+-12282718-b509.11, mixed mode, tiered, compressed oops, compressed class ptrs, g1 gc, windows-amd64)
GC Precious Log:
 CardTable entry size: 512
 Card Set container configuration: InlinePtr #cards 5 size 8 Array Of Cards #cards 12 size 40 Howl #buckets 4 coarsen threshold 1843 Howl Bitmap #cards 512 size 80 coarsen threshold 460 Card regions per heap region 1 cards per card region 2048
 CPUs: 2 total, 2 available
 Memory: 3460M
 Large Page Support: Disabled
 NUMA Support: Disabled
 Compressed Oops: Enabled (32-bit)
 Heap Region Size: 1M
 Heap Min Capacity: 8M
 Heap Initial Capacity: 56M
 Heap Max Capacity: 2G
 Pre-touch: Disabled
 Parallel Workers: 2
 Concurrent Workers: 1
 Concurrent Refinement Workers: 2
 Periodic GC: Disabled
Heap:
 garbage-first heap   total 481280K, used 227328K [0x0000000080000000, 0x0000000100000000)
  region size 1024K, 9 young (9216K), 9 survivors (9216K)
 Metaspace       used 174047K, committed 176256K, reserved 1245184K
  class space    used 22280K, committed 23360K, reserved 1048576K
GC Heap History (20 events):
Event: 571.455 GC heap after
{Heap after GC invocations=79 (full 0):
 garbage-first heap   total 481280K, used 151040K [0x0000000080000000, 0x0000000100000000)
  region size 1024K, 12 young (12288K), 12 survivors (12288K)
 Metaspace       used 170005K, committed 172288K, reserved 1245184K
  class space    used 21942K, committed 23040K, reserved 1048576K
}
Event: 572.850 GC heap before
{Heap before GC invocations=79 (full 0):
 garbage-first heap   total 481280K, used 162304K [0x0000000080000000, 0x0000000100000000)
  region size 1024K, 23 young (23552K), 12 survivors (12288K)
 Metaspace       used 170133K, committed 172416K, reserved 1245184K
  class space    used 21950K, committed 23040K, reserved 1048576K
}
Event: 572.911 GC heap after
{Heap after GC invocations=80 (full 0):
 garbage-first heap   total 481280K, used 150016K [0x0000000080000000, 0x0000000100000000)
  region size 1024K, 3 young (3072K), 3 survivors (3072K)
 Metaspace       used 170133K, committed 172416K, reserved 1245184K
  class space    used 21950K, committed 23040K, reserved 1048576K
}
Event: 580.544 GC heap before
{Heap before GC invocations=80 (full 0):
 garbage-first heap   total 481280K, used 210432K [0x0000000080000000, 0x0000000100000000)
  region size 1024K, 64 young (65536K), 3 survivors (3072K)
 Metaspace       used 171091K, committed 173440K, reserved 1245184K
  class space    used 22046K, committed 23168K, reserved 1048576K
}
Event: 580.658 GC heap after
{Heap after GC invocations=81 (full 0):
 garbage-first heap   total 481280K, used 161280K [0x0000000080000000, 0x0000000100000000)
  region size 1024K, 9 young (9216K), 9 survivors (9216K)
 Metaspace       used 171091K, committed 173440K, reserved 1245184K
  class space    used 22046K, committed 23168K, reserved 1048576K
}
Event: 581.146 GC heap before
{Heap before GC invocations=81 (full 0):
 garbage-first heap   total 481280K, used 184832K [0x0000000080000000, 0x0000000100000000)
  region size 1024K, 23 young (23552K), 9 survivors (9216K)
 Metaspace       used 171102K, committed 173440K, reserved 1245184K
  class space    used 22046K, committed 23168K, reserved 1048576K
}
Event: 581.266 GC heap after
{Heap after GC invocations=82 (full 0):
 garbage-first heap   total 481280K, used 173568K [0x0000000080000000, 0x0000000100000000)
  region size 1024K, 3 young (3072K), 3 survivors (3072K)
 Metaspace       used 171102K, committed 173440K, reserved 1245184K
  class space    used 22046K, committed 23168K, reserved 1048576K
}
Event: 585.737 GC heap before
{Heap before GC invocations=83 (full 0):
 garbage-first heap   total 481280K, used 195072K [0x0000000080000000, 0x0000000100000000)
  region size 1024K, 24 young (24576K), 3 survivors (3072K)
 Metaspace       used 170579K, committed 172992K, reserved 1245184K
  class space    used 22005K, committed 23168K, reserved 1048576K
}
Event: 585.771 GC heap after
{Heap after GC invocations=84 (full 0):
 garbage-first heap   total 481280K, used 180736K [0x0000000080000000, 0x0000000100000000)
  region size 1024K, 3 young (3072K), 3 survivors (3072K)
 Metaspace       used 170579K, committed 172992K, reserved 1245184K
  class space    used 22005K, committed 23168K, reserved 1048576K
}
Event: 586.861 GC heap before
{Heap before GC invocations=84 (full 0):
 garbage-first heap   total 481280K, used 207360K [0x0000000080000000, 0x0000000100000000)
  region size 1024K, 23 young (23552K), 3 survivors (3072K)
 Metaspace       used 170629K, committed 173056K, reserved 1245184K
  class space    used 22005K, committed 23168K, reserved 1048576K
}
Event: 586.885 GC heap after
{Heap after GC invocations=85 (full 0):
 garbage-first heap   total 481280K, used 181248K [0x0000000080000000, 0x0000000100000000)
  region size 1024K, 3 young (3072K), 3 survivors (3072K)
 Metaspace       used 170629K, committed 173056K, reserved 1245184K
  class space    used 22005K, committed 23168K, reserved 1048576K
}
Event: 587.766 GC heap before
{Heap before GC invocations=85 (full 0):
 garbage-first heap   total 481280K, used 216064K [0x0000000080000000, 0x0000000100000000)
  region size 1024K, 23 young (23552K), 3 survivors (3072K)
 Metaspace       used 170702K, committed 173056K, reserved 1245184K
  class space    used 22010K, committed 23168K, reserved 1048576K
}
Event: 587.780 GC heap after
{Heap after GC invocations=86 (full 0):
 garbage-first heap   total 481280K, used 179246K [0x0000000080000000, 0x0000000100000000)
  region size 1024K, 1 young (1024K), 1 survivors (1024K)
 Metaspace       used 170702K, committed 173056K, reserved 1245184K
  class space    used 22010K, committed 23168K, reserved 1048576K
}
Event: 588.964 GC heap before
{Heap before GC invocations=86 (full 0):
 garbage-first heap   total 481280K, used 225326K [0x0000000080000000, 0x0000000100000000)
  region size 1024K, 47 young (48128K), 1 survivors (1024K)
 Metaspace       used 171461K, committed 173760K, reserved 1245184K
  class space    used 22047K, committed 23168K, reserved 1048576K
}
Event: 589.001 GC heap after
{Heap after GC invocations=87 (full 0):
 garbage-first heap   total 481280K, used 183639K [0x0000000080000000, 0x0000000100000000)
  region size 1024K, 6 young (6144K), 6 survivors (6144K)
 Metaspace       used 171461K, committed 173760K, reserved 1245184K
  class space    used 22047K, committed 23168K, reserved 1048576K
}
Event: 590.058 GC heap before
{Heap before GC invocations=87 (full 0):
 garbage-first heap   total 481280K, used 217431K [0x0000000080000000, 0x0000000100000000)
  region size 1024K, 40 young (40960K), 6 survivors (6144K)
 Metaspace       used 173285K, committed 175552K, reserved 1245184K
  class space    used 22216K, committed 23296K, reserved 1048576K
}
Event: 590.082 GC heap after
{Heap after GC invocations=88 (full 0):
 garbage-first heap   total 481280K, used 183874K [0x0000000080000000, 0x0000000100000000)
  region size 1024K, 3 young (3072K), 3 survivors (3072K)
 Metaspace       used 173285K, committed 175552K, reserved 1245184K
  class space    used 22216K, committed 23296K, reserved 1048576K
}
Event: 592.739 GC heap before
{Heap before GC invocations=88 (full 0):
 garbage-first heap   total 481280K, used 255554K [0x0000000080000000, 0x0000000100000000)
  region size 1024K, 68 young (69632K), 3 survivors (3072K)
 Metaspace       used 173978K, committed 176192K, reserved 1245184K
  class space    used 22280K, committed 23360K, reserved 1048576K
}
Event: 592.776 GC heap after
{Heap after GC invocations=89 (full 0):
 garbage-first heap   total 481280K, used 194029K [0x0000000080000000, 0x0000000100000000)
  region size 1024K, 9 young (9216K), 9 survivors (9216K)
 Metaspace       used 173978K, committed 176192K, reserved 1245184K
  class space    used 22280K, committed 23360K, reserved 1048576K
}
Event: 593.793 GC heap before
{Heap before GC invocations=89 (full 0):
 garbage-first heap   total 481280K, used 290285K [0x0000000080000000, 0x0000000100000000)
  region size 1024K, 70 young (71680K), 9 survivors (9216K)
 Metaspace       used 174047K, committed 176256K, reserved 1245184K
  class space    used 22280K, committed 23360K, reserved 1048576K
}

