# JRE version: OpenJDK Runtime Environment (21.0.3) (build 21.0.3+-12282718-b509.11)
# Java VM: OpenJDK 64-Bit Server VM (21.0.3+-12282718-b509.11, mixed mode, tiered, compressed oops, compressed class ptrs, g1 gc, windows-amd64)
GC Precious Log:
 CardTable entry size: 512
 Card Set container configuration: InlinePtr #cards 5 size 8 Array Of Cards #cards 12 size 40 Howl #buckets 4 coarsen threshold 1843 Howl Bitmap #cards 512 size 80 coarsen threshold 460 Card regions per heap region 1 cards per card region 2048
 CPUs: 2 total, 2 available
 Memory: 3460M
 Large Page Support: Disabled
 NUMA Support: Disabled
 Compressed Oops: Enabled (32-bit)
 Heap Region Size: 1M
 Heap Min Capacity: 8M
 Heap Initial Capacity: 56M
 Heap Max Capacity: 2G
 Pre-touch: Disabled
 Parallel Workers: 2
 Concurrent Workers: 1
 Concurrent Refinement Workers: 2
 Periodic GC: Disabled
Heap:
 garbage-first heap   total 561152K, used 313344K [0x0000000080000000, 0x0000000100000000)
  region size 1024K, 48 young (49152K), 23 survivors (23552K)
 Metaspace       used 155297K, committed 157568K, reserved 1245184K
  class space    used 20358K, committed 21440K, reserved 1048576K
GC Heap History (20 events):
Event: 65.087 GC heap before
{Heap before GC invocations=67 (full 0):
 garbage-first heap   total 286720K, used 227840K [0x0000000080000000, 0x0000000100000000)
  region size 1024K, 73 young (74752K), 6 survivors (6144K)
 Metaspace       used 123456K, committed 125568K, reserved 1179648K
  class space    used 16521K, committed 17600K, reserved 1048576K
}
Event: 65.173 GC heap after
{Heap after GC invocations=68 (full 0):
 garbage-first heap   total 286720K, used 184832K [0x0000000080000000, 0x0000000100000000)
  region size 1024K, 10 young (10240K), 10 survivors (10240K)
 Metaspace       used 123456K, committed 125568K, reserved 1179648K
  class space    used 16521K, committed 17600K, reserved 1048576K
}
Event: 65.826 GC heap before
{Heap before GC invocations=68 (full 0):
 garbage-first heap   total 286720K, used 239104K [0x0000000080000000, 0x0000000100000000)
  region size 1024K, 63 young (64512K), 10 survivors (10240K)
 Metaspace       used 123515K, committed 125632K, reserved 1179648K
  class space    used 16526K, committed 17600K, reserved 1048576K
}
Event: 65.952 GC heap after
{Heap after GC invocations=69 (full 0):
 garbage-first heap   total 286720K, used 208384K [0x0000000080000000, 0x0000000100000000)
  region size 1024K, 8 young (8192K), 8 survivors (8192K)
 Metaspace       used 123515K, committed 125632K, reserved 1179648K
  class space    used 16526K, committed 17600K, reserved 1048576K
}
Event: 66.845 GC heap before
{Heap before GC invocations=69 (full 0):
 garbage-first heap   total 286720K, used 246272K [0x0000000080000000, 0x0000000100000000)
  region size 1024K, 45 young (46080K), 8 survivors (8192K)
 Metaspace       used 125110K, committed 127296K, reserved 1179648K
  class space    used 16745K, committed 17856K, reserved 1048576K
}
Event: 66.896 GC heap after
{Heap after GC invocations=70 (full 0):
 garbage-first heap   total 286720K, used 221696K [0x0000000080000000, 0x0000000100000000)
  region size 1024K, 6 young (6144K), 6 survivors (6144K)
 Metaspace       used 125110K, committed 127296K, reserved 1179648K
  class space    used 16745K, committed 17856K, reserved 1048576K
}
Event: 68.885 GC heap before
{Heap before GC invocations=71 (full 0):
 garbage-first heap   total 355328K, used 241152K [0x0000000080000000, 0x0000000100000000)
  region size 1024K, 37 young (37888K), 6 survivors (6144K)
 Metaspace       used 127826K, committed 129920K, reserved 1179648K
  class space    used 17107K, committed 18176K, reserved 1048576K
}
Event: 68.903 GC heap after
{Heap after GC invocations=72 (full 0):
 garbage-first heap   total 355328K, used 211456K [0x0000000080000000, 0x0000000100000000)
  region size 1024K, 2 young (2048K), 2 survivors (2048K)
 Metaspace       used 127826K, committed 129920K, reserved 1179648K
  class space    used 17107K, committed 18176K, reserved 1048576K
}
Event: 71.027 GC heap before
{Heap before GC invocations=72 (full 0):
 garbage-first heap   total 355328K, used 288256K [0x0000000080000000, 0x0000000100000000)
  region size 1024K, 76 young (77824K), 2 survivors (2048K)
 Metaspace       used 128730K, committed 130880K, reserved 1179648K
  class space    used 17210K, committed 18304K, reserved 1048576K
}
Event: 71.085 GC heap after
{Heap after GC invocations=73 (full 0):
 garbage-first heap   total 355328K, used 215040K [0x0000000080000000, 0x0000000100000000)
  region size 1024K, 8 young (8192K), 8 survivors (8192K)
 Metaspace       used 128730K, committed 130880K, reserved 1179648K
  class space    used 17210K, committed 18304K, reserved 1048576K
}
Event: 71.569 GC heap before
{Heap before GC invocations=73 (full 0):
 garbage-first heap   total 355328K, used 221184K [0x0000000080000000, 0x0000000100000000)
  region size 1024K, 15 young (15360K), 8 survivors (8192K)
 Metaspace       used 128732K, committed 130880K, reserved 1179648K
  class space    used 17210K, committed 18304K, reserved 1048576K
}
Event: 71.596 GC heap after
{Heap after GC invocations=74 (full 0):
 garbage-first heap   total 355328K, used 215788K [0x0000000080000000, 0x0000000100000000)
  region size 1024K, 2 young (2048K), 2 survivors (2048K)
 Metaspace       used 128732K, committed 130880K, reserved 1179648K
  class space    used 17210K, committed 18304K, reserved 1048576K
}
Event: 74.548 GC heap before
{Heap before GC invocations=75 (full 0):
 garbage-first heap   total 380928K, used 312044K [0x0000000080000000, 0x0000000100000000)
  region size 1024K, 84 young (86016K), 2 survivors (2048K)
 Metaspace       used 129365K, committed 131520K, reserved 1179648K
  class space    used 17275K, committed 18368K, reserved 1048576K
}
Event: 74.580 GC heap after
{Heap after GC invocations=76 (full 0):
 garbage-first heap   total 380928K, used 235977K [0x0000000080000000, 0x0000000100000000)
  region size 1024K, 8 young (8192K), 8 survivors (8192K)
 Metaspace       used 129365K, committed 131520K, reserved 1179648K
  class space    used 17275K, committed 18368K, reserved 1048576K
}
Event: 75.989 GC heap before
{Heap before GC invocations=76 (full 0):
 garbage-first heap   total 380928K, used 353737K [0x0000000080000000, 0x0000000100000000)
  region size 1024K, 101 young (103424K), 8 survivors (8192K)
 Metaspace       used 129674K, committed 131776K, reserved 1179648K
  class space    used 17307K, committed 18368K, reserved 1048576K
}
Event: 76.061 GC heap after
{Heap after GC invocations=77 (full 0):
 garbage-first heap   total 380928K, used 267264K [0x0000000080000000, 0x0000000100000000)
  region size 1024K, 13 young (13312K), 13 survivors (13312K)
 Metaspace       used 129674K, committed 131776K, reserved 1179648K
  class space    used 17307K, committed 18368K, reserved 1048576K
}
Event: 76.731 GC heap before
{Heap before GC invocations=77 (full 0):
 garbage-first heap   total 380928K, used 299008K [0x0000000080000000, 0x0000000100000000)
  region size 1024K, 45 young (46080K), 13 survivors (13312K)
 Metaspace       used 129694K, committed 131776K, reserved 1179648K
  class space    used 17307K, committed 18368K, reserved 1048576K
}
Event: 76.753 GC heap after
{Heap after GC invocations=78 (full 0):
 garbage-first heap   total 561152K, used 268288K [0x0000000080000000, 0x0000000100000000)
  region size 1024K, 1 young (1024K), 1 survivors (1024K)
 Metaspace       used 129694K, committed 131776K, reserved 1179648K
  class space    used 17307K, committed 18368K, reserved 1048576K
}
Event: 95.544 GC heap before
{Heap before GC invocations=79 (full 0):
 garbage-first heap   total 561152K, used 535552K [0x0000000080000000, 0x0000000100000000)
  region size 1024K, 241 young (246784K), 1 survivors (1024K)
 Metaspace       used 153258K, committed 155520K, reserved 1245184K
  class space    used 20090K, committed 21184K, reserved 1048576K
}
Event: 95.672 GC heap after
{Heap after GC invocations=80 (full 0):
 garbage-first heap   total 561152K, used 288768K [0x0000000080000000, 0x0000000100000000)
  region size 1024K, 23 young (23552K), 23 survivors (23552K)
 Metaspace       used 153258K, committed 155520K, reserved 1245184K
  class space    used 20090K, committed 21184K, reserved 1048576K
}

