# JRE version: OpenJDK Runtime Environment (21.0.3) (build 21.0.3+-12282718-b509.11)
# Java VM: OpenJDK 64-Bit Server VM (21.0.3+-12282718-b509.11, mixed mode, tiered, compressed oops, compressed class ptrs, g1 gc, windows-amd64)
GC Precious Log:
 CardTable entry size: 512
 Card Set container configuration: InlinePtr #cards 5 size 8 Array Of Cards #cards 12 size 40 Howl #buckets 4 coarsen threshold 1843 Howl Bitmap #cards 512 size 80 coarsen threshold 460 Card regions per heap region 1 cards per card region 2048
 CPUs: 2 total, 2 available
 Memory: 3460M
 Large Page Support: Disabled
 NUMA Support: Disabled
 Compressed Oops: Enabled (32-bit)
 Heap Region Size: 1M
 Heap Min Capacity: 8M
 Heap Initial Capacity: 56M
 Heap Max Capacity: 2G
 Pre-touch: Disabled
 Parallel Workers: 2
 Concurrent Workers: 1
 Concurrent Refinement Workers: 2
 Periodic GC: Disabled
Heap:
 garbage-first heap   total 249856K, used 171406K [0x0000000080000000, 0x0000000100000000)
  region size 1024K, 15 young (15360K), 6 survivors (6144K)
 Metaspace       used 129341K, committed 131520K, reserved 1179648K
  class space    used 16828K, committed 17920K, reserved 1048576K
GC Heap History (20 events):
Event: 163.985 GC heap before
{Heap before GC invocations=55 (full 0):
 garbage-first heap   total 195584K, used 128512K [0x0000000080000000, 0x0000000100000000)
  region size 1024K, 9 young (9216K), 7 survivors (7168K)
 Metaspace       used 113553K, committed 115712K, reserved 1179648K
  class space    used 14971K, committed 16064K, reserved 1048576K
}
Event: 164.010 GC heap after
{Heap after GC invocations=56 (full 0):
 garbage-first heap   total 195584K, used 130048K [0x0000000080000000, 0x0000000100000000)
  region size 1024K, 1 young (1024K), 1 survivors (1024K)
 Metaspace       used 113553K, committed 115712K, reserved 1179648K
  class space    used 14971K, committed 16064K, reserved 1048576K
}
Event: 173.335 GC heap before
{Heap before GC invocations=57 (full 0):
 garbage-first heap   total 224256K, used 183296K [0x0000000080000000, 0x0000000100000000)
  region size 1024K, 40 young (40960K), 1 survivors (1024K)
 Metaspace       used 113770K, committed 115904K, reserved 1179648K
  class space    used 14987K, committed 16064K, reserved 1048576K
}
Event: 173.364 GC heap after
{Heap after GC invocations=58 (full 0):
 garbage-first heap   total 224256K, used 144384K [0x0000000080000000, 0x0000000100000000)
  region size 1024K, 5 young (5120K), 5 survivors (5120K)
 Metaspace       used 113770K, committed 115904K, reserved 1179648K
  class space    used 14987K, committed 16064K, reserved 1048576K
}
Event: 177.572 GC heap before
{Heap before GC invocations=58 (full 0):
 garbage-first heap   total 224256K, used 200704K [0x0000000080000000, 0x0000000100000000)
  region size 1024K, 53 young (54272K), 5 survivors (5120K)
 Metaspace       used 115465K, committed 117504K, reserved 1179648K
  class space    used 15116K, committed 16128K, reserved 1048576K
}
Event: 177.767 GC heap after
{Heap after GC invocations=59 (full 0):
 garbage-first heap   total 224256K, used 146944K [0x0000000080000000, 0x0000000100000000)
  region size 1024K, 7 young (7168K), 7 survivors (7168K)
 Metaspace       used 115465K, committed 117504K, reserved 1179648K
  class space    used 15116K, committed 16128K, reserved 1048576K
}
Event: 179.612 GC heap before
{Heap before GC invocations=59 (full 0):
 garbage-first heap   total 224256K, used 194048K [0x0000000080000000, 0x0000000100000000)
  region size 1024K, 54 young (55296K), 7 survivors (7168K)
 Metaspace       used 117486K, committed 119680K, reserved 1179648K
  class space    used 15312K, committed 16384K, reserved 1048576K
}
Event: 179.678 GC heap after
{Heap after GC invocations=60 (full 0):
 garbage-first heap   total 224256K, used 151552K [0x0000000080000000, 0x0000000100000000)
  region size 1024K, 4 young (4096K), 4 survivors (4096K)
 Metaspace       used 117486K, committed 119680K, reserved 1179648K
  class space    used 15312K, committed 16384K, reserved 1048576K
}
Event: 182.799 GC heap before
{Heap before GC invocations=61 (full 0):
 garbage-first heap   total 225280K, used 178176K [0x0000000080000000, 0x0000000100000000)
  region size 1024K, 51 young (52224K), 4 survivors (4096K)
 Metaspace       used 118408K, committed 120512K, reserved 1179648K
  class space    used 15400K, committed 16448K, reserved 1048576K
}
Event: 182.819 GC heap after
{Heap after GC invocations=62 (full 0):
 garbage-first heap   total 225280K, used 131989K [0x0000000080000000, 0x0000000100000000)
  region size 1024K, 5 young (5120K), 5 survivors (5120K)
 Metaspace       used 118408K, committed 120512K, reserved 1179648K
  class space    used 15400K, committed 16448K, reserved 1048576K
}
Event: 186.340 GC heap before
{Heap before GC invocations=62 (full 0):
 garbage-first heap   total 225280K, used 197525K [0x0000000080000000, 0x0000000100000000)
  region size 1024K, 70 young (71680K), 5 survivors (5120K)
 Metaspace       used 122053K, committed 124160K, reserved 1179648K
  class space    used 15866K, committed 16896K, reserved 1048576K
}
Event: 186.388 GC heap after
{Heap after GC invocations=63 (full 0):
 garbage-first heap   total 225280K, used 118784K [0x0000000080000000, 0x0000000100000000)
  region size 1024K, 4 young (4096K), 4 survivors (4096K)
 Metaspace       used 122053K, committed 124160K, reserved 1179648K
  class space    used 15866K, committed 16896K, reserved 1048576K
}
Event: 190.428 GC heap before
{Heap before GC invocations=63 (full 0):
 garbage-first heap   total 225280K, used 195584K [0x0000000080000000, 0x0000000100000000)
  region size 1024K, 80 young (81920K), 4 survivors (4096K)
 Metaspace       used 124508K, committed 126592K, reserved 1179648K
  class space    used 16163K, committed 17216K, reserved 1048576K
}
Event: 190.480 GC heap after
{Heap after GC invocations=64 (full 0):
 garbage-first heap   total 225280K, used 124928K [0x0000000080000000, 0x0000000100000000)
  region size 1024K, 10 young (10240K), 10 survivors (10240K)
 Metaspace       used 124508K, committed 126592K, reserved 1179648K
  class space    used 16163K, committed 17216K, reserved 1048576K
}
Event: 193.187 GC heap before
{Heap before GC invocations=65 (full 0):
 garbage-first heap   total 225280K, used 205824K [0x0000000080000000, 0x0000000100000000)
  region size 1024K, 81 young (82944K), 10 survivors (10240K)
 Metaspace       used 125898K, committed 128064K, reserved 1179648K
  class space    used 16336K, committed 17408K, reserved 1048576K
}
Event: 193.224 GC heap after
{Heap after GC invocations=66 (full 0):
 garbage-first heap   total 225280K, used 140800K [0x0000000080000000, 0x0000000100000000)
  region size 1024K, 10 young (10240K), 10 survivors (10240K)
 Metaspace       used 125898K, committed 128064K, reserved 1179648K
  class space    used 16336K, committed 17408K, reserved 1048576K
}
Event: 196.818 GC heap before
{Heap before GC invocations=66 (full 0):
 garbage-first heap   total 225280K, used 223744K [0x0000000080000000, 0x0000000100000000)
  region size 1024K, 64 young (65536K), 10 survivors (10240K)
 Metaspace       used 129339K, committed 131520K, reserved 1179648K
  class space    used 16828K, committed 17920K, reserved 1048576K
}
Event: 196.881 GC heap after
{Heap after GC invocations=67 (full 0):
 garbage-first heap   total 249856K, used 157184K [0x0000000080000000, 0x0000000100000000)
  region size 1024K, 9 young (9216K), 9 survivors (9216K)
 Metaspace       used 129339K, committed 131520K, reserved 1179648K
  class space    used 16828K, committed 17920K, reserved 1048576K
}
Event: 197.035 GC heap before
{Heap before GC invocations=67 (full 0):
 garbage-first heap   total 249856K, used 169472K [0x0000000080000000, 0x0000000100000000)
  region size 1024K, 22 young (22528K), 9 survivors (9216K)
 Metaspace       used 129341K, committed 131520K, reserved 1179648K
  class space    used 16828K, committed 17920K, reserved 1048576K
}
Event: 197.081 GC heap after
{Heap after GC invocations=68 (full 0):
 garbage-first heap   total 249856K, used 163214K [0x0000000080000000, 0x0000000100000000)
  region size 1024K, 6 young (6144K), 6 survivors (6144K)
 Metaspace       used 129341K, committed 131520K, reserved 1179648K
  class space    used 16828K, committed 17920K, reserved 1048576K
}

