# JRE version: OpenJDK Runtime Environment (21.0.3) (build 21.0.3+-12282718-b509.11)
# Java VM: OpenJDK 64-Bit Server VM (21.0.3+-12282718-b509.11, mixed mode, tiered, compressed oops, compressed class ptrs, g1 gc, windows-amd64)
GC Precious Log:
 CardTable entry size: 512
 Card Set container configuration: InlinePtr #cards 5 size 8 Array Of Cards #cards 12 size 40 Howl #buckets 4 coarsen threshold 1843 Howl Bitmap #cards 512 size 80 coarsen threshold 460 Card regions per heap region 1 cards per card region 2048
 CPUs: 2 total, 2 available
 Memory: 3460M
 Large Page Support: Disabled
 NUMA Support: Disabled
 Compressed Oops: Enabled (32-bit)
 Heap Region Size: 1M
 Heap Min Capacity: 8M
 Heap Initial Capacity: 56M
 Heap Max Capacity: 2G
 Pre-touch: Disabled
 Parallel Workers: 2
 Concurrent Workers: 1
 Concurrent Refinement Workers: 2
 Periodic GC: Disabled
Heap:
 garbage-first heap   total 386048K, used 275745K [0x0000000080000000, 0x0000000100000000)
  region size 1024K, 61 young (62464K), 9 survivors (9216K)
 Metaspace       used 153320K, committed 155712K, reserved 1245184K
  class space    used 19812K, committed 20992K, reserved 1048576K
GC Heap History (20 events):
Event: 157.766 GC heap before
{Heap before GC invocations=56 (full 0):
 garbage-first heap   total 267264K, used 240968K [0x0000000080000000, 0x0000000100000000)
  region size 1024K, 88 young (90112K), 10 survivors (10240K)
 Metaspace       used 139922K, committed 142272K, reserved 1179648K
  class space    used 18352K, committed 19520K, reserved 1048576K
}
Event: 157.915 GC heap after
{Heap after GC invocations=57 (full 0):
 garbage-first heap   total 267264K, used 168742K [0x0000000080000000, 0x0000000100000000)
  region size 1024K, 11 young (11264K), 11 survivors (11264K)
 Metaspace       used 139922K, committed 142272K, reserved 1179648K
  class space    used 18352K, committed 19520K, reserved 1048576K
}
Event: 165.915 GC heap before
{Heap before GC invocations=58 (full 0):
 garbage-first heap   total 290816K, used 241446K [0x0000000080000000, 0x0000000100000000)
  region size 1024K, 81 young (82944K), 11 survivors (11264K)
 Metaspace       used 141710K, committed 144064K, reserved 1179648K
  class space    used 18612K, committed 19776K, reserved 1048576K
}
Event: 166.046 GC heap after
{Heap after GC invocations=59 (full 0):
 garbage-first heap   total 290816K, used 188416K [0x0000000080000000, 0x0000000100000000)
  region size 1024K, 11 young (11264K), 11 survivors (11264K)
 Metaspace       used 141710K, committed 144064K, reserved 1179648K
  class space    used 18612K, committed 19776K, reserved 1048576K
}
Event: 167.235 GC heap before
{Heap before GC invocations=59 (full 0):
 garbage-first heap   total 290816K, used 210944K [0x0000000080000000, 0x0000000100000000)
  region size 1024K, 34 young (34816K), 11 survivors (11264K)
 Metaspace       used 142021K, committed 144320K, reserved 1179648K
  class space    used 18624K, committed 19776K, reserved 1048576K
}
Event: 167.265 GC heap after
{Heap after GC invocations=60 (full 0):
 garbage-first heap   total 290816K, used 194560K [0x0000000080000000, 0x0000000100000000)
  region size 1024K, 5 young (5120K), 5 survivors (5120K)
 Metaspace       used 142021K, committed 144320K, reserved 1179648K
  class space    used 18624K, committed 19776K, reserved 1048576K
}
Event: 171.193 GC heap before
{Heap before GC invocations=60 (full 0):
 garbage-first heap   total 290816K, used 262144K [0x0000000080000000, 0x0000000100000000)
  region size 1024K, 66 young (67584K), 5 survivors (5120K)
 Metaspace       used 142622K, committed 144896K, reserved 1179648K
  class space    used 18656K, committed 19840K, reserved 1048576K
}
Event: 171.254 GC heap after
{Heap after GC invocations=61 (full 0):
 garbage-first heap   total 290816K, used 209920K [0x0000000080000000, 0x0000000100000000)
  region size 1024K, 9 young (9216K), 9 survivors (9216K)
 Metaspace       used 142622K, committed 144896K, reserved 1179648K
  class space    used 18656K, committed 19840K, reserved 1048576K
}
Event: 172.207 GC heap before
{Heap before GC invocations=61 (full 0):
 garbage-first heap   total 290816K, used 212992K [0x0000000080000000, 0x0000000100000000)
  region size 1024K, 13 young (13312K), 9 survivors (9216K)
 Metaspace       used 142622K, committed 144896K, reserved 1179648K
  class space    used 18656K, committed 19840K, reserved 1048576K
}
Event: 172.235 GC heap after
{Heap after GC invocations=62 (full 0):
 garbage-first heap   total 290816K, used 214016K [0x0000000080000000, 0x0000000100000000)
  region size 1024K, 4 young (4096K), 4 survivors (4096K)
 Metaspace       used 142622K, committed 144896K, reserved 1179648K
  class space    used 18656K, committed 19840K, reserved 1048576K
}
Event: 174.459 GC heap before
{Heap before GC invocations=63 (full 0):
 garbage-first heap   total 386048K, used 257024K [0x0000000080000000, 0x0000000100000000)
  region size 1024K, 34 young (34816K), 4 survivors (4096K)
 Metaspace       used 143577K, committed 145920K, reserved 1179648K
  class space    used 18725K, committed 19904K, reserved 1048576K
}
Event: 174.491 GC heap after
{Heap after GC invocations=64 (full 0):
 garbage-first heap   total 386048K, used 218624K [0x0000000080000000, 0x0000000100000000)
  region size 1024K, 5 young (5120K), 5 survivors (5120K)
 Metaspace       used 143577K, committed 145920K, reserved 1179648K
  class space    used 18725K, committed 19904K, reserved 1048576K
}
Event: 177.045 GC heap before
{Heap before GC invocations=64 (full 0):
 garbage-first heap   total 386048K, used 284160K [0x0000000080000000, 0x0000000100000000)
  region size 1024K, 70 young (71680K), 5 survivors (5120K)
 Metaspace       used 146228K, committed 148544K, reserved 1179648K
  class space    used 18972K, committed 20160K, reserved 1048576K
}
Event: 177.070 GC heap after
{Heap after GC invocations=65 (full 0):
 garbage-first heap   total 386048K, used 224068K [0x0000000080000000, 0x0000000100000000)
  region size 1024K, 9 young (9216K), 9 survivors (9216K)
 Metaspace       used 146228K, committed 148544K, reserved 1179648K
  class space    used 18972K, committed 20160K, reserved 1048576K
}
Event: 181.080 GC heap before
{Heap before GC invocations=65 (full 0):
 garbage-first heap   total 386048K, used 302916K [0x0000000080000000, 0x0000000100000000)
  region size 1024K, 87 young (89088K), 9 survivors (9216K)
 Metaspace       used 149851K, committed 152192K, reserved 1245184K
  class space    used 19421K, committed 20608K, reserved 1048576K
}
Event: 181.107 GC heap after
{Heap after GC invocations=66 (full 0):
 garbage-first heap   total 386048K, used 221429K [0x0000000080000000, 0x0000000100000000)
  region size 1024K, 7 young (7168K), 7 survivors (7168K)
 Metaspace       used 149851K, committed 152192K, reserved 1245184K
  class space    used 19421K, committed 20608K, reserved 1048576K
}
Event: 187.005 GC heap before
{Heap before GC invocations=66 (full 0):
 garbage-first heap   total 386048K, used 312565K [0x0000000080000000, 0x0000000100000000)
  region size 1024K, 97 young (99328K), 7 survivors (7168K)
 Metaspace       used 152438K, committed 154816K, reserved 1245184K
  class space    used 19715K, committed 20928K, reserved 1048576K
}
Event: 187.044 GC heap after
{Heap after GC invocations=67 (full 0):
 garbage-first heap   total 386048K, used 223078K [0x0000000080000000, 0x0000000100000000)
  region size 1024K, 12 young (12288K), 12 survivors (12288K)
 Metaspace       used 152438K, committed 154816K, reserved 1245184K
  class space    used 19715K, committed 20928K, reserved 1048576K
}
Event: 189.399 GC heap before
{Heap before GC invocations=67 (full 0):
 garbage-first heap   total 386048K, used 327526K [0x0000000080000000, 0x0000000100000000)
  region size 1024K, 114 young (116736K), 12 survivors (12288K)
 Metaspace       used 153275K, committed 155648K, reserved 1245184K
  class space    used 19806K, committed 20992K, reserved 1048576K
}
Event: 189.473 GC heap after
{Heap after GC invocations=68 (full 0):
 garbage-first heap   total 386048K, used 224545K [0x0000000080000000, 0x0000000100000000)
  region size 1024K, 9 young (9216K), 9 survivors (9216K)
 Metaspace       used 153275K, committed 155648K, reserved 1245184K
  class space    used 19806K, committed 20992K, reserved 1048576K
}

